  Abilities.cpp
C:\Users\PC\Documents\GitHub\C-Project\C-Project\C++ Project\Abilities.cpp(8,15): error C2511: 'void Ability::useAbility(Pokemon &)': overloaded member function not found in 'Ability'
C:\Users\PC\Documents\GitHub\C-Project\C-Project\C++ Project\Abilities.h(9,7): message : see declaration of 'Ability'
C:\Users\PC\Documents\GitHub\C-Project\C-Project\C++ Project\Abilities.cpp(9,9): error C2597: illegal reference to non-static member 'Ability::remainingUses'
C:\Users\PC\Documents\GitHub\C-Project\C-Project\C++ Project\Abilities.cpp(9,9): message : see declaration of 'Ability::remainingUses'
C:\Users\PC\Documents\GitHub\C-Project\C-Project\C++ Project\Abilities.cpp(9,9): error C3867: 'Ability::remainingUses': non-standard syntax; use '&' to create a pointer to member
C:\Users\PC\Documents\GitHub\C-Project\C-Project\C++ Project\Abilities.cpp(9,9): error C2568: '>': unable to resolve function overload
C:\Users\PC\Documents\GitHub\C-Project\C-Project\C++ Project\Abilities.cpp(10,22): error C2597: illegal reference to non-static member 'Ability::name'
C:\Users\PC\Documents\GitHub\C-Project\C-Project\C++ Project\Abilities.h(11,17): message : see declaration of 'Ability::name'
C:\Users\PC\Documents\GitHub\C-Project\C-Project\C++ Project\Abilities.cpp(10,81): error C2440: 'static_cast': cannot convert from 'unknown' to 'int'
C:\Users\PC\Documents\GitHub\C-Project\C-Project\C++ Project\Abilities.cpp(10,81): message : There is no context in which this conversion is possible
C:\Users\PC\Documents\GitHub\C-Project\C-Project\C++ Project\Abilities.cpp(12,9): error C2597: illegal reference to non-static member 'Ability::remainingUses'
C:\Users\PC\Documents\GitHub\C-Project\C-Project\C++ Project\Abilities.cpp(12,9): message : see declaration of 'Ability::remainingUses'
C:\Users\PC\Documents\GitHub\C-Project\C-Project\C++ Project\Abilities.cpp(12,9): error C3867: 'Ability::remainingUses': non-standard syntax; use '&' to create a pointer to member
C:\Users\PC\Documents\GitHub\C-Project\C-Project\C++ Project\Abilities.cpp(12,9): error C2568: '--': unable to resolve function overload
C:\Users\PC\Documents\GitHub\C-Project\C-Project\C++ Project\Abilities.cpp(15,22): error C2597: illegal reference to non-static member 'Ability::name'
C:\Users\PC\Documents\GitHub\C-Project\C-Project\C++ Project\Abilities.h(11,17): message : see declaration of 'Ability::name'
  C++ Project.cpp
C:\Users\PC\Documents\GitHub\C-Project\C-Project\C++ Project\C++ Project.cpp(183,60): error C2248: 'Shop::availablePokemon': cannot access private member declared in class 'Shop'
C:\Users\PC\Documents\GitHub\C-Project\C-Project\C++ Project\Shop.h(9,26): message : see declaration of 'Shop::availablePokemon'
C:\Users\PC\Documents\GitHub\C-Project\C-Project\C++ Project\Shop.h(7,7): message : see declaration of 'Shop'
  Pokemon.cpp
C:\Users\PC\Documents\GitHub\C-Project\C-Project\C++ Project\Pokemon.cpp(8,32): error C2660: 'Ability::useAbility': function does not take 0 arguments
C:\Users\PC\Documents\GitHub\C-Project\C-Project\C++ Project\Abilities.h(19,10): message : see declaration of 'Ability::useAbility'
C:\Users\PC\Documents\GitHub\C-Project\C-Project\C++ Project\Pokemon.cpp(8,32): message : while trying to match the argument list '()'
  Trainer.cpp
C:\Users\PC\Documents\GitHub\C-Project\C-Project\C++ Project\Trainer.cpp(37,38): error C2440: 'initializing': cannot convert from 'const _Ty' to 'Pokemon &'
          with
          [
              _Ty=Pokemon
          ]
C:\Users\PC\Documents\GitHub\C-Project\C-Project\C++ Project\Trainer.cpp(37,38): message : Conversion loses qualifiers
  Generating Code...
